<?xml version="1.0" encoding="UTF-8" ?>
<testsuite failures="0" time="0.418" errors="0" skipped="0" tests="12" name="it.gius.pePpe.collision.manifoldBuild.VerticesShapesManifoldBuilderTest">
  <properties>
[...]
</properties>
  <testcase time="0.177" classname="it.gius.pePpe.collision.manifoldBuild.VerticesShapesManifoldBuilderTest" name="testClip1"/>
  <testcase time="0.026" classname="it.gius.pePpe.collision.manifoldBuild.VerticesShapesManifoldBuilderTest" name="testClip2"/>
  <testcase time="0" classname="it.gius.pePpe.collision.manifoldBuild.VerticesShapesManifoldBuilderTest" name="testClip3"/>
  <testcase time="0" classname="it.gius.pePpe.collision.manifoldBuild.VerticesShapesManifoldBuilderTest" name="testClip3Winding"/>
  <testcase time="0.001" classname="it.gius.pePpe.collision.manifoldBuild.VerticesShapesManifoldBuilderTest" name="testClipEdgeEdge"/>
  <testcase time="0.001" classname="it.gius.pePpe.collision.manifoldBuild.VerticesShapesManifoldBuilderTest" name="testClipEdgePoly"/>
  <testcase time="0" classname="it.gius.pePpe.collision.manifoldBuild.VerticesShapesManifoldBuilderTest" name="testClipPolyEdge"/>
  <testcase time="0.001" classname="it.gius.pePpe.collision.manifoldBuild.VerticesShapesManifoldBuilderTest" name="testClipPolyEdgeReversed"/>
  <testcase time="0" classname="it.gius.pePpe.collision.manifoldBuild.VerticesShapesManifoldBuilderTest" name="testClipThreshold"/>
  <testcase time="0" classname="it.gius.pePpe.collision.manifoldBuild.VerticesShapesManifoldBuilderTest" name="testClipThresholdEdgEdge"/>
  <testcase time="0.001" classname="it.gius.pePpe.collision.manifoldBuild.VerticesShapesManifoldBuilderTest" name="testClip4"/>
  <testcase time="0.001" classname="it.gius.pePpe.collision.manifoldBuild.VerticesShapesManifoldBuilderTest" name="testClip5"/>
</testsuite>