<?xml version="1.0" encoding="UTF-8" ?>
<testsuite tests="10" failures="0" name="it.gius.pePpe.collision.FullDistanceCollisionTest" time="0.047" errors="0" skipped="0">
  <properties>
[...]
</properties>
  <testcase classname="it.gius.pePpe.collision.FullDistanceCollisionTest" name="testCollideShapeCircleNotOverlappingFlipped" time="0.032"/>
  <testcase classname="it.gius.pePpe.collision.FullDistanceCollisionTest" name="testCollideShapeCircleNotOverlappingPolyVertexFeature" time="0"/>
  <testcase classname="it.gius.pePpe.collision.FullDistanceCollisionTest" name="testCollideShapeCircleNotOverlappingPolyEdgeFeature" time="0"/>
  <testcase classname="it.gius.pePpe.collision.FullDistanceCollisionTest" name="testCollideVerticesShapeOverlapping" time="0"/>
  <testcase classname="it.gius.pePpe.collision.FullDistanceCollisionTest" name="testCollideVerticesShapeNotOverlapping" time="0"/>
  <testcase classname="it.gius.pePpe.collision.FullDistanceCollisionTest" name="testCollideShapeCircleOverlapping" time="0"/>
  <testcase classname="it.gius.pePpe.collision.FullDistanceCollisionTest" name="testCollideShapeCircleOverlappingFlipped" time="0"/>
  <testcase classname="it.gius.pePpe.collision.FullDistanceCollisionTest" name="testCollideCircleCircleNotOverlap" time="0"/>
  <testcase classname="it.gius.pePpe.collision.FullDistanceCollisionTest" name="testCollideCircleCircleOverlap" time="0"/>
  <testcase classname="it.gius.pePpe.collision.FullDistanceCollisionTest" name="testCollideVertexVertex" time="0"/>
</testsuite>